2014/10/22 22:29:49 [error] [php] date() [<a href='function.date'>function.date</a>]: It is not safe to rely on the system's timezone settings. You are *required* to use the date.timezone setting or the date_default_timezone_set() function. In case you used any of those methods and you are still getting this warning, you most likely misspelled the timezone identifier. We selected 'Asia/Kolkata' for '5.5/no DST' instead (E:\phpws\numerology\protected\views\layouts\main.php:51)
Stack trace:
#0 E:\phpws\yii\framework\web\CBaseController.php(95): SiteController->renderInternal()
#1 E:\phpws\yii\framework\web\widgets\CContentDecorator.php(76): SiteController->renderFile()
#2 E:\phpws\yii\framework\web\widgets\CContentDecorator.php(54): CContentDecorator->decorate()
#3 E:\phpws\yii\framework\web\widgets\COutputProcessor.php(44): CContentDecorator->processOutput()
#4 E:\phpws\yii\framework\web\CBaseController.php(206): CContentDecorator->run()
#5 E:\phpws\yii\framework\web\CBaseController.php(300): SiteController->endWidget()
#6 E:\phpws\numerology\protected\views\layouts\column1.php(6): SiteController->endContent()
#7 E:\phpws\yii\framework\web\CBaseController.php(126): require()
#8 E:\phpws\yii\framework\web\CBaseController.php(95): SiteController->renderInternal()
#9 E:\phpws\yii\framework\web\CController.php(784): SiteController->renderFile()
#10 E:\phpws\numerology\protected\controllers\SiteController.php(32): SiteController->render()
#11 E:\phpws\yii\framework\web\actions\CInlineAction.php(49): SiteController->actionIndex()
#12 E:\phpws\yii\framework\web\CController.php(308): CInlineAction->runWithParams()
#13 E:\phpws\yii\framework\web\CController.php(286): SiteController->runAction()
#14 E:\phpws\yii\framework\web\CController.php(265): SiteController->runActionWithFilters()
#15 E:\phpws\yii\framework\web\CWebApplication.php(282): SiteController->run()
#16 E:\phpws\yii\framework\web\CWebApplication.php(141): CWebApplication->runController()
#17 E:\phpws\yii\framework\base\CApplication.php(180): CWebApplication->processRequest()
#18 E:\phpws\numerology\index.php(13): CWebApplication->run()
REQUEST_URI=/numerology/index.php
in E:\phpws\numerology\protected\views\layouts\main.php (51)
in E:\phpws\numerology\protected\views\layouts\column1.php (6)
in E:\phpws\numerology\protected\controllers\SiteController.php (32)
2014/10/22 22:40:17 [error] [php] date() [<a href='function.date'>function.date</a>]: It is not safe to rely on the system's timezone settings. You are *required* to use the date.timezone setting or the date_default_timezone_set() function. In case you used any of those methods and you are still getting this warning, you most likely misspelled the timezone identifier. We selected 'Asia/Kolkata' for '5.5/no DST' instead (E:\phpws\numerology\protected\views\layouts\main.php:51)
Stack trace:
#0 E:\phpws\yii\framework\web\CBaseController.php(95): SiteController->renderInternal()
#1 E:\phpws\yii\framework\web\widgets\CContentDecorator.php(76): SiteController->renderFile()
#2 E:\phpws\yii\framework\web\widgets\CContentDecorator.php(54): CContentDecorator->decorate()
#3 E:\phpws\yii\framework\web\widgets\COutputProcessor.php(44): CContentDecorator->processOutput()
#4 E:\phpws\yii\framework\web\CBaseController.php(206): CContentDecorator->run()
#5 E:\phpws\yii\framework\web\CBaseController.php(300): SiteController->endWidget()
#6 E:\phpws\numerology\protected\views\layouts\column1.php(6): SiteController->endContent()
#7 E:\phpws\yii\framework\web\CBaseController.php(126): require()
#8 E:\phpws\yii\framework\web\CBaseController.php(95): SiteController->renderInternal()
#9 E:\phpws\yii\framework\web\CController.php(784): SiteController->renderFile()
#10 E:\phpws\numerology\protected\controllers\SiteController.php(32): SiteController->render()
#11 E:\phpws\yii\framework\web\actions\CInlineAction.php(49): SiteController->actionIndex()
#12 E:\phpws\yii\framework\web\CController.php(308): CInlineAction->runWithParams()
#13 E:\phpws\yii\framework\web\CController.php(286): SiteController->runAction()
#14 E:\phpws\yii\framework\web\CController.php(265): SiteController->runActionWithFilters()
#15 E:\phpws\yii\framework\web\CWebApplication.php(282): SiteController->run()
#16 E:\phpws\yii\framework\web\CWebApplication.php(141): CWebApplication->runController()
#17 E:\phpws\yii\framework\base\CApplication.php(180): CWebApplication->processRequest()
#18 E:\phpws\numerology\index.php(13): CWebApplication->run()
REQUEST_URI=/numerology/index.php
in E:\phpws\numerology\protected\views\layouts\main.php (51)
in E:\phpws\numerology\protected\views\layouts\column1.php (6)
in E:\phpws\numerology\protected\controllers\SiteController.php (32)
2014/10/22 22:41:10 [error] [php] date() [<a href='function.date'>function.date</a>]: It is not safe to rely on the system's timezone settings. You are *required* to use the date.timezone setting or the date_default_timezone_set() function. In case you used any of those methods and you are still getting this warning, you most likely misspelled the timezone identifier. We selected 'Asia/Kolkata' for '5.5/no DST' instead (E:\phpws\numerology\protected\views\layouts\main.php:51)
Stack trace:
#0 E:\phpws\yii\framework\web\CBaseController.php(95): SiteController->renderInternal()
#1 E:\phpws\yii\framework\web\widgets\CContentDecorator.php(76): SiteController->renderFile()
#2 E:\phpws\yii\framework\web\widgets\CContentDecorator.php(54): CContentDecorator->decorate()
#3 E:\phpws\yii\framework\web\widgets\COutputProcessor.php(44): CContentDecorator->processOutput()
#4 E:\phpws\yii\framework\web\CBaseController.php(206): CContentDecorator->run()
#5 E:\phpws\yii\framework\web\CBaseController.php(300): SiteController->endWidget()
#6 E:\phpws\numerology\protected\views\layouts\column1.php(6): SiteController->endContent()
#7 E:\phpws\yii\framework\web\CBaseController.php(126): require()
#8 E:\phpws\yii\framework\web\CBaseController.php(95): SiteController->renderInternal()
#9 E:\phpws\yii\framework\web\CController.php(784): SiteController->renderFile()
#10 E:\phpws\numerology\protected\controllers\SiteController.php(32): SiteController->render()
#11 E:\phpws\yii\framework\web\actions\CInlineAction.php(49): SiteController->actionIndex()
#12 E:\phpws\yii\framework\web\CController.php(308): CInlineAction->runWithParams()
#13 E:\phpws\yii\framework\web\CController.php(286): SiteController->runAction()
#14 E:\phpws\yii\framework\web\CController.php(265): SiteController->runActionWithFilters()
#15 E:\phpws\yii\framework\web\CWebApplication.php(282): SiteController->run()
#16 E:\phpws\yii\framework\web\CWebApplication.php(141): CWebApplication->runController()
#17 E:\phpws\yii\framework\base\CApplication.php(180): CWebApplication->processRequest()
#18 E:\phpws\numerology\index.php(13): CWebApplication->run()
REQUEST_URI=/numerology/index.php
in E:\phpws\numerology\protected\views\layouts\main.php (51)
in E:\phpws\numerology\protected\views\layouts\column1.php (6)
in E:\phpws\numerology\protected\controllers\SiteController.php (32)
2014/10/22 22:41:35 [error] [php] date() [<a href='function.date'>function.date</a>]: It is not safe to rely on the system's timezone settings. You are *required* to use the date.timezone setting or the date_default_timezone_set() function. In case you used any of those methods and you are still getting this warning, you most likely misspelled the timezone identifier. We selected 'Asia/Kolkata' for '5.5/no DST' instead (E:\phpws\numerology\protected\views\layouts\main.php:51)
Stack trace:
#0 E:\phpws\yii\framework\web\CBaseController.php(95): SiteController->renderInternal()
#1 E:\phpws\yii\framework\web\widgets\CContentDecorator.php(76): SiteController->renderFile()
#2 E:\phpws\yii\framework\web\widgets\CContentDecorator.php(54): CContentDecorator->decorate()
#3 E:\phpws\yii\framework\web\widgets\COutputProcessor.php(44): CContentDecorator->processOutput()
#4 E:\phpws\yii\framework\web\CBaseController.php(206): CContentDecorator->run()
#5 E:\phpws\yii\framework\web\CBaseController.php(300): SiteController->endWidget()
#6 E:\phpws\numerology\protected\views\layouts\column1.php(6): SiteController->endContent()
#7 E:\phpws\yii\framework\web\CBaseController.php(126): require()
#8 E:\phpws\yii\framework\web\CBaseController.php(95): SiteController->renderInternal()
#9 E:\phpws\yii\framework\web\CController.php(784): SiteController->renderFile()
#10 E:\phpws\numerology\protected\controllers\SiteController.php(32): SiteController->render()
#11 E:\phpws\yii\framework\web\actions\CInlineAction.php(49): SiteController->actionIndex()
#12 E:\phpws\yii\framework\web\CController.php(308): CInlineAction->runWithParams()
#13 E:\phpws\yii\framework\web\CController.php(286): SiteController->runAction()
#14 E:\phpws\yii\framework\web\CController.php(265): SiteController->runActionWithFilters()
#15 E:\phpws\yii\framework\web\CWebApplication.php(282): SiteController->run()
#16 E:\phpws\yii\framework\web\CWebApplication.php(141): CWebApplication->runController()
#17 E:\phpws\yii\framework\base\CApplication.php(180): CWebApplication->processRequest()
#18 E:\phpws\numerology\index.php(13): CWebApplication->run()
REQUEST_URI=/numerology/index.php
in E:\phpws\numerology\protected\views\layouts\main.php (51)
in E:\phpws\numerology\protected\views\layouts\column1.php (6)
in E:\phpws\numerology\protected\controllers\SiteController.php (32)
2014/10/22 22:42:13 [error] [php] date() [<a href='function.date'>function.date</a>]: It is not safe to rely on the system's timezone settings. You are *required* to use the date.timezone setting or the date_default_timezone_set() function. In case you used any of those methods and you are still getting this warning, you most likely misspelled the timezone identifier. We selected 'Asia/Kolkata' for '5.5/no DST' instead (E:\phpws\numerology\protected\views\layouts\main.php:51)
Stack trace:
#0 E:\phpws\yii\framework\web\CBaseController.php(95): SiteController->renderInternal()
#1 E:\phpws\yii\framework\web\widgets\CContentDecorator.php(76): SiteController->renderFile()
#2 E:\phpws\yii\framework\web\widgets\CContentDecorator.php(54): CContentDecorator->decorate()
#3 E:\phpws\yii\framework\web\widgets\COutputProcessor.php(44): CContentDecorator->processOutput()
#4 E:\phpws\yii\framework\web\CBaseController.php(206): CContentDecorator->run()
#5 E:\phpws\yii\framework\web\CBaseController.php(300): SiteController->endWidget()
#6 E:\phpws\numerology\protected\views\layouts\column1.php(6): SiteController->endContent()
#7 E:\phpws\yii\framework\web\CBaseController.php(126): require()
#8 E:\phpws\yii\framework\web\CBaseController.php(95): SiteController->renderInternal()
#9 E:\phpws\yii\framework\web\CController.php(784): SiteController->renderFile()
#10 E:\phpws\numerology\protected\controllers\SiteController.php(32): SiteController->render()
#11 E:\phpws\yii\framework\web\actions\CInlineAction.php(49): SiteController->actionIndex()
#12 E:\phpws\yii\framework\web\CController.php(308): CInlineAction->runWithParams()
#13 E:\phpws\yii\framework\web\CController.php(286): SiteController->runAction()
#14 E:\phpws\yii\framework\web\CController.php(265): SiteController->runActionWithFilters()
#15 E:\phpws\yii\framework\web\CWebApplication.php(282): SiteController->run()
#16 E:\phpws\yii\framework\web\CWebApplication.php(141): CWebApplication->runController()
#17 E:\phpws\yii\framework\base\CApplication.php(180): CWebApplication->processRequest()
#18 E:\phpws\numerology\index.php(13): CWebApplication->run()
REQUEST_URI=/numerology/index.php
in E:\phpws\numerology\protected\views\layouts\main.php (51)
in E:\phpws\numerology\protected\views\layouts\column1.php (6)
in E:\phpws\numerology\protected\controllers\SiteController.php (32)
2014/10/22 22:48:47 [error] [exception.CHttpException.404] exception 'CHttpException' with message 'Unable to resolve the request "Comms/index.php".' in E:\phpws\yii\framework\web\CWebApplication.php:286
Stack trace:
#0 E:\phpws\yii\framework\web\CWebApplication.php(141): CWebApplication->runController('Comms/index.php')
#1 E:\phpws\yii\framework\base\CApplication.php(180): CWebApplication->processRequest()
#2 E:\phpws\numerology\index.php(13): CApplication->run()
#3 {main}
REQUEST_URI=/numerology/index.php/Comms/index.php
---
2014/10/22 22:52:15 [error] [exception.CHttpException.404] exception 'CHttpException' with message 'Unable to resolve the request "Comms/index.php".' in E:\phpws\yii\framework\web\CWebApplication.php:286
Stack trace:
#0 E:\phpws\yii\framework\web\CWebApplication.php(141): CWebApplication->runController('Comms/index.php')
#1 E:\phpws\yii\framework\base\CApplication.php(180): CWebApplication->processRequest()
#2 E:\phpws\numerology\index.php(13): CApplication->run()
#3 {main}
REQUEST_URI=/numerology/index.php/Comms/index.php
---
2014/10/22 22:52:25 [error] [exception.CHttpException.404] exception 'CHttpException' with message 'Unable to resolve the request "Comms/index.php".' in E:\phpws\yii\framework\web\CWebApplication.php:286
Stack trace:
#0 E:\phpws\yii\framework\web\CWebApplication.php(141): CWebApplication->runController('Comms/index.php')
#1 E:\phpws\yii\framework\base\CApplication.php(180): CWebApplication->processRequest()
#2 E:\phpws\numerology\index.php(13): CApplication->run()
#3 {main}
REQUEST_URI=/numerology/index.php/Comms/index.php
---
2014/10/22 22:52:46 [error] [exception.CHttpException.404] exception 'CHttpException' with message 'Unable to resolve the request "Comms/appOpen.php".' in E:\phpws\yii\framework\web\CWebApplication.php:286
Stack trace:
#0 E:\phpws\yii\framework\web\CWebApplication.php(141): CWebApplication->runController('Comms/appOpen.p...')
#1 E:\phpws\yii\framework\base\CApplication.php(180): CWebApplication->processRequest()
#2 E:\phpws\numerology\index.php(13): CApplication->run()
#3 {main}
REQUEST_URI=/numerology/index.php/Comms/appOpen.php
---
2014/10/22 22:55:06 [error] [exception.CHttpException.404] exception 'CHttpException' with message 'The system is unable to find the requested action "appOpen.php".' in E:\phpws\yii\framework\web\CController.php:483
Stack trace:
#0 E:\phpws\yii\framework\web\CController.php(270): CController->missingAction('appOpen.php')
#1 E:\phpws\yii\framework\web\CWebApplication.php(282): CController->run('appOpen.php')
#2 E:\phpws\yii\framework\web\CWebApplication.php(141): CWebApplication->runController('Comms/appOpen.p...')
#3 E:\phpws\yii\framework\base\CApplication.php(180): CWebApplication->processRequest()
#4 E:\phpws\numerology\index.php(13): CApplication->run()
#5 {main}
REQUEST_URI=/numerology/index.php/Comms/appOpen.php
---
2014/10/22 23:09:33 [error] [exception.CHttpException.404] exception 'CHttpException' with message 'Unable to resolve the request "appopen".' in E:\phpws\yii\framework\web\CWebApplication.php:286
Stack trace:
#0 E:\phpws\yii\framework\web\CWebApplication.php(141): CWebApplication->runController('appopen')
#1 E:\phpws\yii\framework\base\CApplication.php(180): CWebApplication->processRequest()
#2 E:\phpws\numerology\index.php(13): CApplication->run()
#3 {main}
REQUEST_URI=/numerology/index.php?r=appopen
---
2014/10/22 23:09:46 [error] [exception.CHttpException.404] exception 'CHttpException' with message 'Unable to resolve the request "appOpen".' in E:\phpws\yii\framework\web\CWebApplication.php:286
Stack trace:
#0 E:\phpws\yii\framework\web\CWebApplication.php(141): CWebApplication->runController('appOpen')
#1 E:\phpws\yii\framework\base\CApplication.php(180): CWebApplication->processRequest()
#2 E:\phpws\numerology\index.php(13): CApplication->run()
#3 {main}
REQUEST_URI=/numerology/index.php?r=appOpen
---
2014/10/22 23:09:57 [error] [exception.CHttpException.404] exception 'CHttpException' with message 'Unable to resolve the request "appOpen".' in E:\phpws\yii\framework\web\CWebApplication.php:286
Stack trace:
#0 E:\phpws\yii\framework\web\CWebApplication.php(141): CWebApplication->runController('appOpen')
#1 E:\phpws\yii\framework\base\CApplication.php(180): CWebApplication->processRequest()
#2 E:\phpws\numerology\index.php(13): CApplication->run()
#3 {main}
REQUEST_URI=/numerology/index.php?r=appOpen
---
2014/10/22 23:10:12 [error] [exception.CException] exception 'CException' with message 'CWebApplication and its behaviors do not have a method or closure named "lopen".' in E:\phpws\yii\framework\base\CComponent.php:266
Stack trace:
#0 E:\phpws\numerology\protected\controllers\CommsController.php(30): CComponent->__call('lopen', Array)
#1 E:\phpws\numerology\protected\controllers\CommsController.php(30): CWebApplication->lopen()
#2 E:\phpws\yii\framework\web\CWebApplication.php(354): require('E:\phpws\numero...')
#3 E:\phpws\yii\framework\web\CWebApplication.php(276): CWebApplication->createController('Comms/appOpen')
#4 E:\phpws\yii\framework\web\CWebApplication.php(141): CWebApplication->runController('Comms/appOpen')
#5 E:\phpws\yii\framework\base\CApplication.php(180): CWebApplication->processRequest()
#6 E:\phpws\numerology\index.php(13): CApplication->run()
#7 {main}
REQUEST_URI=/numerology/index.php?r=Comms/appOpen
---
2014/10/22 23:10:31 [error] [exception.CException] exception 'CException' with message 'CWebApplication and its behaviors do not have a method or closure named "lopen".' in E:\phpws\yii\framework\base\CComponent.php:266
Stack trace:
#0 E:\phpws\numerology\protected\controllers\CommsController.php(30): CComponent->__call('lopen', Array)
#1 E:\phpws\numerology\protected\controllers\CommsController.php(30): CWebApplication->lopen()
#2 E:\phpws\yii\framework\web\CWebApplication.php(354): require('E:\phpws\numero...')
#3 E:\phpws\yii\framework\web\CWebApplication.php(276): CWebApplication->createController('Comms/appOpen')
#4 E:\phpws\yii\framework\web\CWebApplication.php(141): CWebApplication->runController('Comms/appOpen')
#5 E:\phpws\yii\framework\base\CApplication.php(180): CWebApplication->processRequest()
#6 E:\phpws\numerology\index.php(13): CApplication->run()
#7 {main}
REQUEST_URI=/numerology/index.php?r=Comms/appOpen
---
2014/10/22 23:11:27 [error] [exception.CException] exception 'CException' with message 'CWebApplication and its behaviors do not have a method or closure named "lopen".' in E:\phpws\yii\framework\base\CComponent.php:266
Stack trace:
#0 E:\phpws\numerology\protected\controllers\CommsController.php(30): CComponent->__call('lopen', Array)
#1 E:\phpws\numerology\protected\controllers\CommsController.php(30): CWebApplication->lopen()
#2 E:\phpws\yii\framework\web\CWebApplication.php(354): require('E:\phpws\numero...')
#3 E:\phpws\yii\framework\web\CWebApplication.php(276): CWebApplication->createController('Comms/appOpen')
#4 E:\phpws\yii\framework\web\CWebApplication.php(141): CWebApplication->runController('Comms/appOpen')
#5 E:\phpws\yii\framework\base\CApplication.php(180): CWebApplication->processRequest()
#6 E:\phpws\numerology\index.php(13): CApplication->run()
#7 {main}
REQUEST_URI=/numerology/index.php?r=Comms/appOpen
---
2014/10/22 23:11:58 [error] [exception.CHttpException.404] exception 'CHttpException' with message 'Unable to resolve the request "Comms/appOpen".' in E:\phpws\yii\framework\web\CWebApplication.php:286
Stack trace:
#0 E:\phpws\yii\framework\web\CWebApplication.php(141): CWebApplication->runController('Comms/appOpen')
#1 E:\phpws\yii\framework\base\CApplication.php(180): CWebApplication->processRequest()
#2 E:\phpws\numerology\index.php(13): CApplication->run()
#3 {main}
REQUEST_URI=/numerology/index.php?r=Comms/appOpen
---
2014/10/22 23:12:31 [error] [exception.CHttpException.404] exception 'CHttpException' with message 'Unable to resolve the request "Comms/index".' in E:\phpws\yii\framework\web\CWebApplication.php:286
Stack trace:
#0 E:\phpws\yii\framework\web\CWebApplication.php(141): CWebApplication->runController('Comms/index')
#1 E:\phpws\yii\framework\base\CApplication.php(180): CWebApplication->processRequest()
#2 E:\phpws\numerology\index.php(13): CApplication->run()
#3 {main}
REQUEST_URI=/numerology/index.php?r=Comms/index
---
2014/10/22 23:12:58 [error] [exception.CHttpException.404] exception 'CHttpException' with message 'Unable to resolve the request "Comms/index".' in E:\phpws\yii\framework\web\CWebApplication.php:286
Stack trace:
#0 E:\phpws\yii\framework\web\CWebApplication.php(141): CWebApplication->runController('Comms/index')
#1 E:\phpws\yii\framework\base\CApplication.php(180): CWebApplication->processRequest()
#2 E:\phpws\numerology\index.php(13): CApplication->run()
#3 {main}
REQUEST_URI=/numerology/index.php?r=Comms/index
---
2014/10/22 23:13:05 [error] [exception.CHttpException.404] exception 'CHttpException' with message 'Unable to resolve the request "Comms/appOpen".' in E:\phpws\yii\framework\web\CWebApplication.php:286
Stack trace:
#0 E:\phpws\yii\framework\web\CWebApplication.php(141): CWebApplication->runController('Comms/appOpen')
#1 E:\phpws\yii\framework\base\CApplication.php(180): CWebApplication->processRequest()
#2 E:\phpws\numerology\index.php(13): CApplication->run()
#3 {main}
REQUEST_URI=/numerology/index.php?r=Comms/appOpen
---
2014/10/22 23:13:22 [error] [exception.CException] exception 'CException' with message 'CWebApplication and its behaviors do not have a method or closure named "lopen".' in E:\phpws\yii\framework\base\CComponent.php:266
Stack trace:
#0 E:\phpws\numerology\protected\controllers\CommsController.php(30): CComponent->__call('lopen', Array)
#1 E:\phpws\numerology\protected\controllers\CommsController.php(30): CWebApplication->lopen()
#2 E:\phpws\yii\framework\web\CWebApplication.php(354): require('E:\phpws\numero...')
#3 E:\phpws\yii\framework\web\CWebApplication.php(276): CWebApplication->createController('Comms/appOpen')
#4 E:\phpws\yii\framework\web\CWebApplication.php(141): CWebApplication->runController('Comms/appOpen')
#5 E:\phpws\yii\framework\base\CApplication.php(180): CWebApplication->processRequest()
#6 E:\phpws\numerology\index.php(13): CApplication->run()
#7 {main}
REQUEST_URI=/numerology/index.php?r=Comms/appOpen
---
2014/10/22 23:15:02 [error] [php] Missing argument 1 for CController::__construct(), called in E:\phpws\numerology\protected\controllers\CommsController.php on line 30 and defined (E:\phpws\yii\framework\web\CController.php:110)
Stack trace:
#0 E:\phpws\yii\framework\web\CWebApplication.php(276): CWebApplication->createController()
#1 E:\phpws\yii\framework\web\CWebApplication.php(141): CWebApplication->runController()
#2 E:\phpws\yii\framework\base\CApplication.php(180): CWebApplication->processRequest()
#3 E:\phpws\numerology\index.php(13): CWebApplication->run()
REQUEST_URI=/numerology/index.php?r=Comms/appOpen
in E:\phpws\numerology\protected\controllers\CommsController.php (30)
in E:\phpws\numerology\index.php (13)
2014/10/22 23:15:18 [error] [exception.CHttpException.404] exception 'CHttpException' with message 'Unable to resolve the request "Comms/appOpen".' in E:\phpws\yii\framework\web\CWebApplication.php:286
Stack trace:
#0 E:\phpws\yii\framework\web\CWebApplication.php(141): CWebApplication->runController('Comms/appOpen')
#1 E:\phpws\yii\framework\base\CApplication.php(180): CWebApplication->processRequest()
#2 E:\phpws\numerology\index.php(13): CApplication->run()
#3 {main}
REQUEST_URI=/numerology/index.php?r=Comms/appOpen
---
2014/10/22 23:17:30 [error] [php] include(Controller.php) [<a href='function.include'>function.include</a>]: failed to open stream: No such file or directory (E:\phpws\yii\framework\YiiBase.php:427)
Stack trace:
#0 E:\phpws\numerology\protected\controllers\SiteController.php(4): spl_autoload_call()
#1 E:\phpws\yii\framework\web\CWebApplication.php(354): require()
#2 E:\phpws\yii\framework\web\CWebApplication.php(276): CWebApplication->createController()
#3 E:\phpws\yii\framework\web\CWebApplication.php(141): CWebApplication->runController()
#4 E:\phpws\yii\framework\base\CApplication.php(180): CWebApplication->processRequest()
#5 E:\phpws\numerology\index.php(13): CWebApplication->run()
REQUEST_URI=/numerology/index.php?r=Comms/appOpen
in E:\phpws\numerology\protected\controllers\SiteController.php (4)
in E:\phpws\numerology\index.php (13)
2014/10/22 23:19:31 [error] [exception.CHttpException.404] exception 'CHttpException' with message 'Unable to resolve the request "Comms/appOpen".' in E:\phpws\yii\framework\web\CWebApplication.php:286
Stack trace:
#0 E:\phpws\yii\framework\web\CWebApplication.php(141): CWebApplication->runController('Comms/appOpen')
#1 E:\phpws\yii\framework\base\CApplication.php(180): CWebApplication->processRequest()
#2 E:\phpws\numerology\index.php(13): CApplication->run()
#3 {main}
REQUEST_URI=/numerology/index.php?r=Comms/appOpen
---
2014/10/22 23:20:15 [error] [exception.CHttpException.404] exception 'CHttpException' with message 'Unable to resolve the request "Comms/appOpen".' in E:\phpws\yii\framework\web\CWebApplication.php:286
Stack trace:
#0 E:\phpws\yii\framework\web\CWebApplication.php(141): CWebApplication->runController('Comms/appOpen')
#1 E:\phpws\yii\framework\base\CApplication.php(180): CWebApplication->processRequest()
#2 E:\phpws\numerology\index.php(13): CApplication->run()
#3 {main}
REQUEST_URI=/numerology/index.php?r=Comms/appOpen
---
2014/10/22 23:20:28 [error] [exception.CHttpException.404] exception 'CHttpException' with message 'Unable to resolve the request "Comms/AppOpen".' in E:\phpws\yii\framework\web\CWebApplication.php:286
Stack trace:
#0 E:\phpws\yii\framework\web\CWebApplication.php(141): CWebApplication->runController('Comms/AppOpen')
#1 E:\phpws\yii\framework\base\CApplication.php(180): CWebApplication->processRequest()
#2 E:\phpws\numerology\index.php(13): CApplication->run()
#3 {main}
REQUEST_URI=/numerology/index.php?r=Comms/AppOpen
---
2014/10/22 23:20:39 [error] [exception.CHttpException.404] exception 'CHttpException' with message 'Unable to resolve the request "Api/AppOpen".' in E:\phpws\yii\framework\web\CWebApplication.php:286
Stack trace:
#0 E:\phpws\yii\framework\web\CWebApplication.php(141): CWebApplication->runController('Api/AppOpen')
#1 E:\phpws\yii\framework\base\CApplication.php(180): CWebApplication->processRequest()
#2 E:\phpws\numerology\index.php(13): CApplication->run()
#3 {main}
REQUEST_URI=/numerology/index.php?r=Api/AppOpen
---
2014/10/22 23:21:30 [error] [exception.CHttpException.404] exception 'CHttpException' with message 'Unable to resolve the request "Api/AppOpen".' in E:\phpws\yii\framework\web\CWebApplication.php:286
Stack trace:
#0 E:\phpws\yii\framework\web\CWebApplication.php(141): CWebApplication->runController('Api/AppOpen')
#1 E:\phpws\yii\framework\base\CApplication.php(180): CWebApplication->processRequest()
#2 E:\phpws\numerology\index.php(13): CApplication->run()
#3 {main}
REQUEST_URI=/numerology/index.php?r=Api/AppOpen
---
2014/10/22 23:22:25 [error] [exception.CHttpException.404] exception 'CHttpException' with message 'Unable to resolve the request "Api/AppOpen".' in E:\phpws\yii\framework\web\CWebApplication.php:286
Stack trace:
#0 E:\phpws\yii\framework\web\CWebApplication.php(141): CWebApplication->runController('Api/AppOpen')
#1 E:\phpws\yii\framework\base\CApplication.php(180): CWebApplication->processRequest()
#2 E:\phpws\numerology\index.php(13): CApplication->run()
#3 {main}
REQUEST_URI=/numerology/index.php?r=Api/AppOpen
---
2014/10/22 23:22:36 [error] [exception.CHttpException.404] exception 'CHttpException' with message 'Unable to resolve the request "Api/index".' in E:\phpws\yii\framework\web\CWebApplication.php:286
Stack trace:
#0 E:\phpws\yii\framework\web\CWebApplication.php(141): CWebApplication->runController('Api/index')
#1 E:\phpws\yii\framework\base\CApplication.php(180): CWebApplication->processRequest()
#2 E:\phpws\numerology\index.php(13): CApplication->run()
#3 {main}
REQUEST_URI=/numerology/index.php?r=Api/index
---
2014/10/22 23:23:22 [error] [exception.CHttpException.404] exception 'CHttpException' with message 'Unable to resolve the request "Api/GetRegister".' in E:\phpws\yii\framework\web\CWebApplication.php:286
Stack trace:
#0 E:\phpws\yii\framework\web\CWebApplication.php(141): CWebApplication->runController('Api/GetRegister')
#1 E:\phpws\yii\framework\base\CApplication.php(180): CWebApplication->processRequest()
#2 E:\phpws\numerology\index.php(13): CApplication->run()
#3 {main}
REQUEST_URI=/numerology/index.php?r=Api/GetRegister
---
2014/10/22 23:25:33 [error] [exception.CHttpException.404] exception 'CHttpException' with message 'Unable to resolve the request "Api/GetRegister".' in E:\phpws\yii\framework\web\CWebApplication.php:286
Stack trace:
#0 E:\phpws\yii\framework\web\CWebApplication.php(141): CWebApplication->runController('Api/GetRegister')
#1 E:\phpws\yii\framework\base\CApplication.php(180): CWebApplication->processRequest()
#2 E:\phpws\numerology\index.php(13): CApplication->run()
#3 {main}
REQUEST_URI=/numerology/index.php?r=Api/GetRegister
---
2014/10/22 23:26:08 [error] [exception.CHttpException.404] exception 'CHttpException' with message 'Unable to resolve the request "Api/GetRegister".' in E:\phpws\yii\framework\web\CWebApplication.php:286
Stack trace:
#0 E:\phpws\yii\framework\web\CWebApplication.php(141): CWebApplication->runController('Api/GetRegister')
#1 E:\phpws\yii\framework\base\CApplication.php(180): CWebApplication->processRequest()
#2 E:\phpws\numerology\index.php(13): CApplication->run()
#3 {main}
REQUEST_URI=/numerology/index.php?r=Api/GetRegister
---
2014/10/22 23:26:08 [error] [exception.CHttpException.404] exception 'CHttpException' with message 'Unable to resolve the request "Api/GetRegister".' in E:\phpws\yii\framework\web\CWebApplication.php:286
Stack trace:
#0 E:\phpws\yii\framework\web\CWebApplication.php(141): CWebApplication->runController('Api/GetRegister')
#1 E:\phpws\yii\framework\base\CApplication.php(180): CWebApplication->processRequest()
#2 E:\phpws\numerology\index.php(13): CApplication->run()
#3 {main}
REQUEST_URI=/numerology/index.php?r=Api/GetRegister
---
2014/10/22 23:26:08 [error] [exception.CHttpException.404] exception 'CHttpException' with message 'Unable to resolve the request "Api/GetRegister".' in E:\phpws\yii\framework\web\CWebApplication.php:286
Stack trace:
#0 E:\phpws\yii\framework\web\CWebApplication.php(141): CWebApplication->runController('Api/GetRegister')
#1 E:\phpws\yii\framework\base\CApplication.php(180): CWebApplication->processRequest()
#2 E:\phpws\numerology\index.php(13): CApplication->run()
#3 {main}
REQUEST_URI=/numerology/index.php?r=Api/GetRegister
---
2014/10/22 23:26:09 [error] [exception.CHttpException.404] exception 'CHttpException' with message 'Unable to resolve the request "Api/GetRegister".' in E:\phpws\yii\framework\web\CWebApplication.php:286
Stack trace:
#0 E:\phpws\yii\framework\web\CWebApplication.php(141): CWebApplication->runController('Api/GetRegister')
#1 E:\phpws\yii\framework\base\CApplication.php(180): CWebApplication->processRequest()
#2 E:\phpws\numerology\index.php(13): CApplication->run()
#3 {main}
REQUEST_URI=/numerology/index.php?r=Api/GetRegister
---
2014/10/22 23:28:03 [error] [exception.CHttpException.404] exception 'CHttpException' with message 'Unable to resolve the request "Api/GetRegister".' in E:\phpws\yii\framework\web\CWebApplication.php:286
Stack trace:
#0 E:\phpws\yii\framework\web\CWebApplication.php(141): CWebApplication->runController('Api/GetRegister')
#1 E:\phpws\yii\framework\base\CApplication.php(180): CWebApplication->processRequest()
#2 E:\phpws\numerology\index.php(13): CApplication->run()
#3 {main}
REQUEST_URI=/numerology/index.php?r=Api/GetRegister
---
2014/10/22 23:28:06 [error] [exception.CHttpException.404] exception 'CHttpException' with message 'Unable to resolve the request "Api/GetRegister".' in E:\phpws\yii\framework\web\CWebApplication.php:286
Stack trace:
#0 E:\phpws\yii\framework\web\CWebApplication.php(141): CWebApplication->runController('Api/GetRegister')
#1 E:\phpws\yii\framework\base\CApplication.php(180): CWebApplication->processRequest()
#2 E:\phpws\numerology\index.php(13): CApplication->run()
#3 {main}
REQUEST_URI=/numerology/index.php?r=Api/GetRegister
---
2014/10/22 23:28:06 [error] [exception.CHttpException.404] exception 'CHttpException' with message 'Unable to resolve the request "Api/GetRegister".' in E:\phpws\yii\framework\web\CWebApplication.php:286
Stack trace:
#0 E:\phpws\yii\framework\web\CWebApplication.php(141): CWebApplication->runController('Api/GetRegister')
#1 E:\phpws\yii\framework\base\CApplication.php(180): CWebApplication->processRequest()
#2 E:\phpws\numerology\index.php(13): CApplication->run()
#3 {main}
REQUEST_URI=/numerology/index.php?r=Api/GetRegister
---
2014/10/22 23:28:07 [error] [exception.CHttpException.404] exception 'CHttpException' with message 'Unable to resolve the request "Api/GetRegister".' in E:\phpws\yii\framework\web\CWebApplication.php:286
Stack trace:
#0 E:\phpws\yii\framework\web\CWebApplication.php(141): CWebApplication->runController('Api/GetRegister')
#1 E:\phpws\yii\framework\base\CApplication.php(180): CWebApplication->processRequest()
#2 E:\phpws\numerology\index.php(13): CApplication->run()
#3 {main}
REQUEST_URI=/numerology/index.php?r=Api/GetRegister
---
2014/10/22 23:28:07 [error] [exception.CHttpException.404] exception 'CHttpException' with message 'Unable to resolve the request "Api/GetRegister".' in E:\phpws\yii\framework\web\CWebApplication.php:286
Stack trace:
#0 E:\phpws\yii\framework\web\CWebApplication.php(141): CWebApplication->runController('Api/GetRegister')
#1 E:\phpws\yii\framework\base\CApplication.php(180): CWebApplication->processRequest()
#2 E:\phpws\numerology\index.php(13): CApplication->run()
#3 {main}
REQUEST_URI=/numerology/index.php?r=Api/GetRegister
---
2014/10/22 23:28:37 [error] [exception.CHttpException.404] exception 'CHttpException' with message 'Unable to resolve the request "Api/GetRegister".' in E:\phpws\yii\framework\web\CWebApplication.php:286
Stack trace:
#0 E:\phpws\yii\framework\web\CWebApplication.php(141): CWebApplication->runController('Api/GetRegister')
#1 E:\phpws\yii\framework\base\CApplication.php(180): CWebApplication->processRequest()
#2 E:\phpws\numerology\index.php(13): CApplication->run()
#3 {main}
REQUEST_URI=/numerology/index.php?r=Api/GetRegister
---
2014/10/22 23:29:08 [error] [exception.CHttpException.404] exception 'CHttpException' with message 'Unable to resolve the request "Api/GetRegister".' in E:\phpws\yii\framework\web\CWebApplication.php:286
Stack trace:
#0 E:\phpws\yii\framework\web\CWebApplication.php(141): CWebApplication->runController('Api/GetRegister')
#1 E:\phpws\yii\framework\base\CApplication.php(180): CWebApplication->processRequest()
#2 E:\phpws\numerology\index.php(13): CApplication->run()
#3 {main}
REQUEST_URI=/numerology/index.php?r=Api/GetRegister
---
2014/10/22 23:29:12 [error] [exception.CHttpException.404] exception 'CHttpException' with message 'Unable to resolve the request "Api/GetRegister".' in E:\phpws\yii\framework\web\CWebApplication.php:286
Stack trace:
#0 E:\phpws\yii\framework\web\CWebApplication.php(141): CWebApplication->runController('Api/GetRegister')
#1 E:\phpws\yii\framework\base\CApplication.php(180): CWebApplication->processRequest()
#2 E:\phpws\numerology\index.php(13): CApplication->run()
#3 {main}
REQUEST_URI=/numerology/index.php?r=Api/GetRegister
---
2014/10/22 23:29:12 [error] [exception.CHttpException.404] exception 'CHttpException' with message 'Unable to resolve the request "Api/GetRegister".' in E:\phpws\yii\framework\web\CWebApplication.php:286
Stack trace:
#0 E:\phpws\yii\framework\web\CWebApplication.php(141): CWebApplication->runController('Api/GetRegister')
#1 E:\phpws\yii\framework\base\CApplication.php(180): CWebApplication->processRequest()
#2 E:\phpws\numerology\index.php(13): CApplication->run()
#3 {main}
REQUEST_URI=/numerology/index.php?r=Api/GetRegister
---
2014/10/22 23:29:12 [error] [exception.CHttpException.404] exception 'CHttpException' with message 'Unable to resolve the request "Api/GetRegister".' in E:\phpws\yii\framework\web\CWebApplication.php:286
Stack trace:
#0 E:\phpws\yii\framework\web\CWebApplication.php(141): CWebApplication->runController('Api/GetRegister')
#1 E:\phpws\yii\framework\base\CApplication.php(180): CWebApplication->processRequest()
#2 E:\phpws\numerology\index.php(13): CApplication->run()
#3 {main}
REQUEST_URI=/numerology/index.php?r=Api/GetRegister
---
2014/10/22 23:29:12 [error] [exception.CHttpException.404] exception 'CHttpException' with message 'Unable to resolve the request "Api/GetRegister".' in E:\phpws\yii\framework\web\CWebApplication.php:286
Stack trace:
#0 E:\phpws\yii\framework\web\CWebApplication.php(141): CWebApplication->runController('Api/GetRegister')
#1 E:\phpws\yii\framework\base\CApplication.php(180): CWebApplication->processRequest()
#2 E:\phpws\numerology\index.php(13): CApplication->run()
#3 {main}
REQUEST_URI=/numerology/index.php?r=Api/GetRegister
---
2014/10/22 23:29:24 [error] [exception.CHttpException.404] exception 'CHttpException' with message 'Unable to resolve the request "Api/GetRegister".' in E:\phpws\yii\framework\web\CWebApplication.php:286
Stack trace:
#0 E:\phpws\yii\framework\web\CWebApplication.php(141): CWebApplication->runController('Api/GetRegister')
#1 E:\phpws\yii\framework\base\CApplication.php(180): CWebApplication->processRequest()
#2 E:\phpws\numerology\index.php(13): CApplication->run()
#3 {main}
REQUEST_URI=/numerology/index.php?r=Api/GetRegister
---
2014/10/22 23:30:06 [error] [exception.CHttpException.404] exception 'CHttpException' with message 'Unable to resolve the request "Api/GetRegister".' in E:\phpws\yii\framework\web\CWebApplication.php:286
Stack trace:
#0 E:\phpws\yii\framework\web\CWebApplication.php(141): CWebApplication->runController('Api/GetRegister')
#1 E:\phpws\yii\framework\base\CApplication.php(180): CWebApplication->processRequest()
#2 E:\phpws\numerology\index.php(13): CApplication->run()
#3 {main}
REQUEST_URI=/numerology/index.php?r=Api/GetRegister
---
2014/10/22 23:30:10 [error] [exception.CHttpException.404] exception 'CHttpException' with message 'Unable to resolve the request "Api/GetRegister".' in E:\phpws\yii\framework\web\CWebApplication.php:286
Stack trace:
#0 E:\phpws\yii\framework\web\CWebApplication.php(141): CWebApplication->runController('Api/GetRegister')
#1 E:\phpws\yii\framework\base\CApplication.php(180): CWebApplication->processRequest()
#2 E:\phpws\numerology\index.php(13): CApplication->run()
#3 {main}
REQUEST_URI=/numerology/index.php?r=Api/GetRegister
---
2014/10/22 23:30:10 [error] [exception.CHttpException.404] exception 'CHttpException' with message 'Unable to resolve the request "Api/GetRegister".' in E:\phpws\yii\framework\web\CWebApplication.php:286
Stack trace:
#0 E:\phpws\yii\framework\web\CWebApplication.php(141): CWebApplication->runController('Api/GetRegister')
#1 E:\phpws\yii\framework\base\CApplication.php(180): CWebApplication->processRequest()
#2 E:\phpws\numerology\index.php(13): CApplication->run()
#3 {main}
REQUEST_URI=/numerology/index.php?r=Api/GetRegister
---
2014/10/22 23:30:11 [error] [exception.CHttpException.404] exception 'CHttpException' with message 'Unable to resolve the request "Api/GetRegister".' in E:\phpws\yii\framework\web\CWebApplication.php:286
Stack trace:
#0 E:\phpws\yii\framework\web\CWebApplication.php(141): CWebApplication->runController('Api/GetRegister')
#1 E:\phpws\yii\framework\base\CApplication.php(180): CWebApplication->processRequest()
#2 E:\phpws\numerology\index.php(13): CApplication->run()
#3 {main}
REQUEST_URI=/numerology/index.php?r=Api/GetRegister
---
2014/10/22 23:37:19 [error] [exception.CHttpException.404] exception 'CHttpException' with message 'Unable to resolve the request "Comms/AppOpen".' in E:\phpws\yii\framework\web\CWebApplication.php:286
Stack trace:
#0 E:\phpws\yii\framework\web\CWebApplication.php(141): CWebApplication->runController('Comms/AppOpen')
#1 E:\phpws\yii\framework\base\CApplication.php(180): CWebApplication->processRequest()
#2 E:\phpws\numerology\index.php(13): CApplication->run()
#3 {main}
REQUEST_URI=/numerology/index.php?r=Comms/AppOpen
---
2014/10/22 23:37:55 [error] [exception.CHttpException.404] exception 'CHttpException' with message 'Unable to resolve the request "Comms/AppOpen".' in E:\phpws\yii\framework\web\CWebApplication.php:286
Stack trace:
#0 E:\phpws\yii\framework\web\CWebApplication.php(141): CWebApplication->runController('Comms/AppOpen')
#1 E:\phpws\yii\framework\base\CApplication.php(180): CWebApplication->processRequest()
#2 E:\phpws\numerology\index.php(13): CApplication->run()
#3 {main}
REQUEST_URI=/numerology/index.php?r=Comms/AppOpen
---
2014/10/22 23:38:04 [error] [exception.CHttpException.404] exception 'CHttpException' with message 'The system is unable to find the requested action "AppOpen".' in E:\phpws\yii\framework\web\CController.php:483
Stack trace:
#0 E:\phpws\yii\framework\web\CController.php(270): CController->missingAction('AppOpen')
#1 E:\phpws\yii\framework\web\CWebApplication.php(282): CController->run('AppOpen')
#2 E:\phpws\yii\framework\web\CWebApplication.php(141): CWebApplication->runController('Site/AppOpen')
#3 E:\phpws\yii\framework\base\CApplication.php(180): CWebApplication->processRequest()
#4 E:\phpws\numerology\index.php(13): CApplication->run()
#5 {main}
REQUEST_URI=/numerology/index.php?r=Site/AppOpen
---
2014/10/22 23:38:29 [error] [exception.CHttpException.404] exception 'CHttpException' with message 'The system is unable to find the requested action "AppOpen".' in E:\phpws\yii\framework\web\CController.php:483
Stack trace:
#0 E:\phpws\yii\framework\web\CController.php(270): CController->missingAction('AppOpen')
#1 E:\phpws\yii\framework\web\CWebApplication.php(282): CController->run('AppOpen')
#2 E:\phpws\yii\framework\web\CWebApplication.php(141): CWebApplication->runController('Site/AppOpen')
#3 E:\phpws\yii\framework\base\CApplication.php(180): CWebApplication->processRequest()
#4 E:\phpws\numerology\index.php(13): CApplication->run()
#5 {main}
REQUEST_URI=/numerology/index.php?r=Site/AppOpen
---
2014/10/22 23:38:30 [error] [exception.CHttpException.404] exception 'CHttpException' with message 'The system is unable to find the requested action "AppOpen".' in E:\phpws\yii\framework\web\CController.php:483
Stack trace:
#0 E:\phpws\yii\framework\web\CController.php(270): CController->missingAction('AppOpen')
#1 E:\phpws\yii\framework\web\CWebApplication.php(282): CController->run('AppOpen')
#2 E:\phpws\yii\framework\web\CWebApplication.php(141): CWebApplication->runController('Site/AppOpen')
#3 E:\phpws\yii\framework\base\CApplication.php(180): CWebApplication->processRequest()
#4 E:\phpws\numerology\index.php(13): CApplication->run()
#5 {main}
REQUEST_URI=/numerology/index.php?r=Site/AppOpen
---
2014/10/22 23:38:31 [error] [exception.CHttpException.404] exception 'CHttpException' with message 'The system is unable to find the requested action "AppOpen".' in E:\phpws\yii\framework\web\CController.php:483
Stack trace:
#0 E:\phpws\yii\framework\web\CController.php(270): CController->missingAction('AppOpen')
#1 E:\phpws\yii\framework\web\CWebApplication.php(282): CController->run('AppOpen')
#2 E:\phpws\yii\framework\web\CWebApplication.php(141): CWebApplication->runController('Site/AppOpen')
#3 E:\phpws\yii\framework\base\CApplication.php(180): CWebApplication->processRequest()
#4 E:\phpws\numerology\index.php(13): CApplication->run()
#5 {main}
REQUEST_URI=/numerology/index.php?r=Site/AppOpen
---
2014/10/22 23:38:31 [error] [exception.CHttpException.404] exception 'CHttpException' with message 'The system is unable to find the requested action "AppOpen".' in E:\phpws\yii\framework\web\CController.php:483
Stack trace:
#0 E:\phpws\yii\framework\web\CController.php(270): CController->missingAction('AppOpen')
#1 E:\phpws\yii\framework\web\CWebApplication.php(282): CController->run('AppOpen')
#2 E:\phpws\yii\framework\web\CWebApplication.php(141): CWebApplication->runController('Site/AppOpen')
#3 E:\phpws\yii\framework\base\CApplication.php(180): CWebApplication->processRequest()
#4 E:\phpws\numerology\index.php(13): CApplication->run()
#5 {main}
REQUEST_URI=/numerology/index.php?r=Site/AppOpen
---
2014/10/22 23:38:31 [error] [exception.CHttpException.404] exception 'CHttpException' with message 'The system is unable to find the requested action "AppOpen".' in E:\phpws\yii\framework\web\CController.php:483
Stack trace:
#0 E:\phpws\yii\framework\web\CController.php(270): CController->missingAction('AppOpen')
#1 E:\phpws\yii\framework\web\CWebApplication.php(282): CController->run('AppOpen')
#2 E:\phpws\yii\framework\web\CWebApplication.php(141): CWebApplication->runController('Site/AppOpen')
#3 E:\phpws\yii\framework\base\CApplication.php(180): CWebApplication->processRequest()
#4 E:\phpws\numerology\index.php(13): CApplication->run()
#5 {main}
REQUEST_URI=/numerology/index.php?r=Site/AppOpen
---
2014/10/22 23:38:31 [error] [exception.CHttpException.404] exception 'CHttpException' with message 'The system is unable to find the requested action "AppOpen".' in E:\phpws\yii\framework\web\CController.php:483
Stack trace:
#0 E:\phpws\yii\framework\web\CController.php(270): CController->missingAction('AppOpen')
#1 E:\phpws\yii\framework\web\CWebApplication.php(282): CController->run('AppOpen')
#2 E:\phpws\yii\framework\web\CWebApplication.php(141): CWebApplication->runController('Site/AppOpen')
#3 E:\phpws\yii\framework\base\CApplication.php(180): CWebApplication->processRequest()
#4 E:\phpws\numerology\index.php(13): CApplication->run()
#5 {main}
REQUEST_URI=/numerology/index.php?r=Site/AppOpen
---
2014/10/22 23:38:31 [error] [exception.CHttpException.404] exception 'CHttpException' with message 'The system is unable to find the requested action "AppOpen".' in E:\phpws\yii\framework\web\CController.php:483
Stack trace:
#0 E:\phpws\yii\framework\web\CController.php(270): CController->missingAction('AppOpen')
#1 E:\phpws\yii\framework\web\CWebApplication.php(282): CController->run('AppOpen')
#2 E:\phpws\yii\framework\web\CWebApplication.php(141): CWebApplication->runController('Site/AppOpen')
#3 E:\phpws\yii\framework\base\CApplication.php(180): CWebApplication->processRequest()
#4 E:\phpws\numerology\index.php(13): CApplication->run()
#5 {main}
REQUEST_URI=/numerology/index.php?r=Site/AppOpen
---
2014/10/22 23:39:09 [error] [exception.CHttpException.404] exception 'CHttpException' with message 'The system is unable to find the requested action "Reg".' in E:\phpws\yii\framework\web\CController.php:483
Stack trace:
#0 E:\phpws\yii\framework\web\CController.php(270): CController->missingAction('Reg')
#1 E:\phpws\yii\framework\web\CWebApplication.php(282): CController->run('Reg')
#2 E:\phpws\yii\framework\web\CWebApplication.php(141): CWebApplication->runController('Site/Reg')
#3 E:\phpws\yii\framework\base\CApplication.php(180): CWebApplication->processRequest()
#4 E:\phpws\numerology\index.php(13): CApplication->run()
#5 {main}
REQUEST_URI=/numerology/index.php?r=Site/Reg
---
2014/10/22 23:39:16 [error] [exception.CHttpException.404] exception 'CHttpException' with message 'The system is unable to find the requested action "Reg".' in E:\phpws\yii\framework\web\CController.php:483
Stack trace:
#0 E:\phpws\yii\framework\web\CController.php(270): CController->missingAction('Reg')
#1 E:\phpws\yii\framework\web\CWebApplication.php(282): CController->run('Reg')
#2 E:\phpws\yii\framework\web\CWebApplication.php(141): CWebApplication->runController('Site/Reg')
#3 E:\phpws\yii\framework\base\CApplication.php(180): CWebApplication->processRequest()
#4 E:\phpws\numerology\index.php(13): CApplication->run()
#5 {main}
REQUEST_URI=/numerology/index.php?r=Site/Reg
---
2014/10/22 23:39:27 [error] [exception.CHttpException.404] exception 'CHttpException' with message 'The system is unable to find the requested action "Reg".' in E:\phpws\yii\framework\web\CController.php:483
Stack trace:
#0 E:\phpws\yii\framework\web\CController.php(270): CController->missingAction('Reg')
#1 E:\phpws\yii\framework\web\CWebApplication.php(282): CController->run('Reg')
#2 E:\phpws\yii\framework\web\CWebApplication.php(141): CWebApplication->runController('Site/Reg')
#3 E:\phpws\yii\framework\base\CApplication.php(180): CWebApplication->processRequest()
#4 E:\phpws\numerology\index.php(13): CApplication->run()
#5 {main}
REQUEST_URI=/numerology/index.php?r=Site/Reg
---
2014/10/22 23:41:19 [error] [exception.CHttpException.404] exception 'CHttpException' with message 'The system is unable to find the requested action "Reg?AppID=0".' in E:\phpws\yii\framework\web\CController.php:483
Stack trace:
#0 E:\phpws\yii\framework\web\CController.php(270): CController->missingAction('Reg?AppID=0')
#1 E:\phpws\yii\framework\web\CWebApplication.php(282): CController->run('Reg?AppID=0')
#2 E:\phpws\yii\framework\web\CWebApplication.php(141): CWebApplication->runController('Site/Reg?AppID=...')
#3 E:\phpws\yii\framework\base\CApplication.php(180): CWebApplication->processRequest()
#4 E:\phpws\numerology\index.php(13): CApplication->run()
#5 {main}
REQUEST_URI=/numerology/index.php?r=Site/Reg?AppID=0
---
2014/10/22 23:41:41 [error] [php] Use of undefined constant AppID - assumed 'AppID' (E:\phpws\numerology\protected\controllers\SiteController.php:27)
Stack trace:
#0 E:\phpws\yii\framework\web\CController.php(286): SiteController->runAction()
#1 E:\phpws\yii\framework\web\CController.php(265): SiteController->runActionWithFilters()
#2 E:\phpws\yii\framework\web\CWebApplication.php(282): SiteController->run()
#3 E:\phpws\yii\framework\web\CWebApplication.php(141): CWebApplication->runController()
#4 E:\phpws\yii\framework\base\CApplication.php(180): CWebApplication->processRequest()
#5 E:\phpws\numerology\index.php(13): CWebApplication->run()
REQUEST_URI=/numerology/index.php?r=Site/Reg/AppID=0
in E:\phpws\numerology\protected\controllers\SiteController.php (27)
in E:\phpws\numerology\index.php (13)
2014/10/22 23:41:51 [error] [php] Use of undefined constant AppID - assumed 'AppID' (E:\phpws\numerology\protected\controllers\SiteController.php:28)
Stack trace:
#0 E:\phpws\yii\framework\web\CController.php(286): SiteController->runAction()
#1 E:\phpws\yii\framework\web\CController.php(265): SiteController->runActionWithFilters()
#2 E:\phpws\yii\framework\web\CWebApplication.php(282): SiteController->run()
#3 E:\phpws\yii\framework\web\CWebApplication.php(141): CWebApplication->runController()
#4 E:\phpws\yii\framework\base\CApplication.php(180): CWebApplication->processRequest()
#5 E:\phpws\numerology\index.php(13): CWebApplication->run()
REQUEST_URI=/numerology/index.php?r=Site/Reg/AppID=0
in E:\phpws\numerology\protected\controllers\SiteController.php (28)
in E:\phpws\numerology\index.php (13)
2014/10/22 23:41:51 [error] [php] Use of undefined constant AppID - assumed 'AppID' (E:\phpws\numerology\protected\controllers\SiteController.php:28)
Stack trace:
#0 E:\phpws\yii\framework\web\CController.php(286): SiteController->runAction()
#1 E:\phpws\yii\framework\web\CController.php(265): SiteController->runActionWithFilters()
#2 E:\phpws\yii\framework\web\CWebApplication.php(282): SiteController->run()
#3 E:\phpws\yii\framework\web\CWebApplication.php(141): CWebApplication->runController()
#4 E:\phpws\yii\framework\base\CApplication.php(180): CWebApplication->processRequest()
#5 E:\phpws\numerology\index.php(13): CWebApplication->run()
REQUEST_URI=/numerology/index.php?r=Site/Reg/AppID=0
in E:\phpws\numerology\protected\controllers\SiteController.php (28)
in E:\phpws\numerology\index.php (13)
2014/10/22 23:41:51 [error] [php] Use of undefined constant AppID - assumed 'AppID' (E:\phpws\numerology\protected\controllers\SiteController.php:28)
Stack trace:
#0 E:\phpws\yii\framework\web\CController.php(286): SiteController->runAction()
#1 E:\phpws\yii\framework\web\CController.php(265): SiteController->runActionWithFilters()
#2 E:\phpws\yii\framework\web\CWebApplication.php(282): SiteController->run()
#3 E:\phpws\yii\framework\web\CWebApplication.php(141): CWebApplication->runController()
#4 E:\phpws\yii\framework\base\CApplication.php(180): CWebApplication->processRequest()
#5 E:\phpws\numerology\index.php(13): CWebApplication->run()
REQUEST_URI=/numerology/index.php?r=Site/Reg/AppID=0
in E:\phpws\numerology\protected\controllers\SiteController.php (28)
in E:\phpws\numerology\index.php (13)
2014/10/22 23:41:52 [error] [php] Use of undefined constant AppID - assumed 'AppID' (E:\phpws\numerology\protected\controllers\SiteController.php:28)
Stack trace:
#0 E:\phpws\yii\framework\web\CController.php(286): SiteController->runAction()
#1 E:\phpws\yii\framework\web\CController.php(265): SiteController->runActionWithFilters()
#2 E:\phpws\yii\framework\web\CWebApplication.php(282): SiteController->run()
#3 E:\phpws\yii\framework\web\CWebApplication.php(141): CWebApplication->runController()
#4 E:\phpws\yii\framework\base\CApplication.php(180): CWebApplication->processRequest()
#5 E:\phpws\numerology\index.php(13): CWebApplication->run()
REQUEST_URI=/numerology/index.php?r=Site/Reg/AppID=0
in E:\phpws\numerology\protected\controllers\SiteController.php (28)
in E:\phpws\numerology\index.php (13)
2014/10/22 23:44:07 [error] [exception.CHttpException.404] exception 'CHttpException' with message 'Unable to resolve the request "Comms/AppOpen/AppID=0".' in E:\phpws\yii\framework\web\CWebApplication.php:286
Stack trace:
#0 E:\phpws\yii\framework\web\CWebApplication.php(141): CWebApplication->runController('Comms/AppOpen/A...')
#1 E:\phpws\yii\framework\base\CApplication.php(180): CWebApplication->processRequest()
#2 E:\phpws\numerology\index.php(13): CApplication->run()
#3 {main}
REQUEST_URI=/numerology/index.php?r=Comms/AppOpen/AppID=0
---
2014/10/22 23:45:34 [error] [exception.CHttpException.404] exception 'CHttpException' with message 'Unable to resolve the request "Comms/AppOpen/AppID=0".' in E:\phpws\yii\framework\web\CWebApplication.php:286
Stack trace:
#0 E:\phpws\yii\framework\web\CWebApplication.php(141): CWebApplication->runController('Comms/AppOpen/A...')
#1 E:\phpws\yii\framework\base\CApplication.php(180): CWebApplication->processRequest()
#2 E:\phpws\numerology\index.php(13): CApplication->run()
#3 {main}
REQUEST_URI=/numerology/index.php?r=Comms/AppOpen/AppID=0
---
2014/10/22 23:48:22 [error] [exception.CHttpException.404] exception 'CHttpException' with message 'Unable to resolve the request "Comms/Reg/AppID=0".' in E:\phpws\yii\framework\web\CWebApplication.php:286
Stack trace:
#0 E:\phpws\yii\framework\web\CWebApplication.php(141): CWebApplication->runController('Comms/Reg/AppID...')
#1 E:\phpws\yii\framework\base\CApplication.php(180): CWebApplication->processRequest()
#2 E:\phpws\numerology\index.php(13): CApplication->run()
#3 {main}
REQUEST_URI=/numerology/index.php?r=Comms/Reg/AppID=0
---
2014/10/22 23:48:48 [error] [exception.CHttpException.404] exception 'CHttpException' with message 'Unable to resolve the request "Comms/index".' in E:\phpws\yii\framework\web\CWebApplication.php:286
Stack trace:
#0 E:\phpws\yii\framework\web\CWebApplication.php(141): CWebApplication->runController('Comms/index')
#1 E:\phpws\yii\framework\base\CApplication.php(180): CWebApplication->processRequest()
#2 E:\phpws\numerology\index.php(13): CApplication->run()
#3 {main}
REQUEST_URI=/numerology/index.php?r=Comms/index
---
2014/10/22 23:49:08 [error] [exception.CHttpException.404] exception 'CHttpException' with message 'Unable to resolve the request "Api/index".' in E:\phpws\yii\framework\web\CWebApplication.php:286
Stack trace:
#0 E:\phpws\yii\framework\web\CWebApplication.php(141): CWebApplication->runController('Api/index')
#1 E:\phpws\yii\framework\base\CApplication.php(180): CWebApplication->processRequest()
#2 E:\phpws\numerology\index.php(13): CApplication->run()
#3 {main}
REQUEST_URI=/numerology/index.php?r=Api/index
---
2014/10/22 23:49:24 [error] [exception.CHttpException.404] exception 'CHttpException' with message 'Unable to resolve the request "Api/GetRegister".' in E:\phpws\yii\framework\web\CWebApplication.php:286
Stack trace:
#0 E:\phpws\yii\framework\web\CWebApplication.php(141): CWebApplication->runController('Api/GetRegister')
#1 E:\phpws\yii\framework\base\CApplication.php(180): CWebApplication->processRequest()
#2 E:\phpws\numerology\index.php(13): CApplication->run()
#3 {main}
REQUEST_URI=/numerology/index.php?r=Api/GetRegister
---
2014/10/22 23:50:44 [error] [exception.CHttpException.404] exception 'CHttpException' with message 'The system is unable to find the requested action "appOpen".' in E:\phpws\yii\framework\web\CController.php:483
Stack trace:
#0 E:\phpws\yii\framework\web\CController.php(270): CController->missingAction('appOpen')
#1 E:\phpws\yii\framework\web\CWebApplication.php(282): CController->run('appOpen')
#2 E:\phpws\yii\framework\web\CWebApplication.php(141): CWebApplication->runController('Comms/appOpen')
#3 E:\phpws\yii\framework\base\CApplication.php(180): CWebApplication->processRequest()
#4 E:\phpws\numerology\index.php(13): CApplication->run()
#5 {main}
REQUEST_URI=/numerology/index.php?r=Comms/appOpen
---
2014/10/22 23:50:57 [error] [exception.CHttpException.404] exception 'CHttpException' with message 'The system is unable to find the requested action "AppOpen".' in E:\phpws\yii\framework\web\CController.php:483
Stack trace:
#0 E:\phpws\yii\framework\web\CController.php(270): CController->missingAction('AppOpen')
#1 E:\phpws\yii\framework\web\CWebApplication.php(282): CController->run('AppOpen')
#2 E:\phpws\yii\framework\web\CWebApplication.php(141): CWebApplication->runController('Comms/AppOpen')
#3 E:\phpws\yii\framework\base\CApplication.php(180): CWebApplication->processRequest()
#4 E:\phpws\numerology\index.php(13): CApplication->run()
#5 {main}
REQUEST_URI=/numerology/index.php?r=Comms/AppOpen
---
2014/10/22 23:51:36 [error] [exception.CHttpException.404] exception 'CHttpException' with message 'The system is unable to find the requested action "AppOpen".' in E:\phpws\yii\framework\web\CController.php:483
Stack trace:
#0 E:\phpws\yii\framework\web\CController.php(270): CController->missingAction('AppOpen')
#1 E:\phpws\yii\framework\web\CWebApplication.php(282): CController->run('AppOpen')
#2 E:\phpws\yii\framework\web\CWebApplication.php(141): CWebApplication->runController('Comms/AppOpen')
#3 E:\phpws\yii\framework\base\CApplication.php(180): CWebApplication->processRequest()
#4 E:\phpws\numerology\index.php(13): CApplication->run()
#5 {main}
REQUEST_URI=/numerology/index.php?r=Comms/AppOpen
---
2014/10/22 23:51:37 [error] [exception.CHttpException.404] exception 'CHttpException' with message 'The system is unable to find the requested action "AppOpen".' in E:\phpws\yii\framework\web\CController.php:483
Stack trace:
#0 E:\phpws\yii\framework\web\CController.php(270): CController->missingAction('AppOpen')
#1 E:\phpws\yii\framework\web\CWebApplication.php(282): CController->run('AppOpen')
#2 E:\phpws\yii\framework\web\CWebApplication.php(141): CWebApplication->runController('Comms/AppOpen')
#3 E:\phpws\yii\framework\base\CApplication.php(180): CWebApplication->processRequest()
#4 E:\phpws\numerology\index.php(13): CApplication->run()
#5 {main}
REQUEST_URI=/numerology/index.php?r=Comms/AppOpen
---
2014/10/22 23:51:37 [error] [exception.CHttpException.404] exception 'CHttpException' with message 'The system is unable to find the requested action "AppOpen".' in E:\phpws\yii\framework\web\CController.php:483
Stack trace:
#0 E:\phpws\yii\framework\web\CController.php(270): CController->missingAction('AppOpen')
#1 E:\phpws\yii\framework\web\CWebApplication.php(282): CController->run('AppOpen')
#2 E:\phpws\yii\framework\web\CWebApplication.php(141): CWebApplication->runController('Comms/AppOpen')
#3 E:\phpws\yii\framework\base\CApplication.php(180): CWebApplication->processRequest()
#4 E:\phpws\numerology\index.php(13): CApplication->run()
#5 {main}
REQUEST_URI=/numerology/index.php?r=Comms/AppOpen
---
2014/10/22 23:51:38 [error] [exception.CHttpException.404] exception 'CHttpException' with message 'The system is unable to find the requested action "AppOpen".' in E:\phpws\yii\framework\web\CController.php:483
Stack trace:
#0 E:\phpws\yii\framework\web\CController.php(270): CController->missingAction('AppOpen')
#1 E:\phpws\yii\framework\web\CWebApplication.php(282): CController->run('AppOpen')
#2 E:\phpws\yii\framework\web\CWebApplication.php(141): CWebApplication->runController('Comms/AppOpen')
#3 E:\phpws\yii\framework\base\CApplication.php(180): CWebApplication->processRequest()
#4 E:\phpws\numerology\index.php(13): CApplication->run()
#5 {main}
REQUEST_URI=/numerology/index.php?r=Comms/AppOpen
---
2014/10/23 09:01:53 [error] [exception.CHttpException.404] exception 'CHttpException' with message 'Unable to resolve the request "gii/model/index".' in E:\phpws\yii\framework\web\CWebApplication.php:286
Stack trace:
#0 E:\phpws\yii\framework\web\CWebApplication.php(141): CWebApplication->runController('gii/model/index')
#1 E:\phpws\yii\framework\base\CApplication.php(180): CWebApplication->processRequest()
#2 E:\phpws\numerology\index.php(13): CApplication->run()
#3 {main}
REQUEST_URI=/numerology/index.php?r=gii/model/index
---
2014/10/23 09:11:54 [warning] [application] Failed to set unsafe attribute "r" of "Appinfo".
in E:\phpws\numerology\protected\controllers\CommsController.php (21)
in E:\phpws\numerology\index.php (13)
2014/10/23 09:15:19 [warning] [application] Failed to set unsafe attribute "r" of "Appinfo".
in E:\phpws\numerology\protected\controllers\CommsController.php (21)
in E:\phpws\numerology\index.php (13)
2014/10/23 08:34:05 [error] [exception.CDbException] exception 'CDbException' with message 'CDbConnection failed to open the DB connection: SQLSTATE[HY000] [1045] Access denied for user 'root'@'localhost' (using password: YES)' in C:\wamp\www\yii\framework\db\CDbConnection.php:382
Stack trace:
#0 C:\wamp\www\yii\framework\db\CDbConnection.php(330): CDbConnection->open()
#1 C:\wamp\www\yii\framework\db\CDbConnection.php(308): CDbConnection->setActive(true)
#2 C:\wamp\www\yii\framework\base\CModule.php(387): CDbConnection->init()
#3 C:\wamp\www\yii\framework\base\CApplication.php(450): CModule->getComponent('db')
#4 C:\wamp\www\yii\framework\db\ar\CActiveRecord.php(634): CApplication->getDb()
#5 C:\wamp\www\yii\framework\db\ar\CActiveRecord.php(2361): CActiveRecord->getDbConnection()
#6 C:\wamp\www\yii\framework\db\ar\CActiveRecord.php(411): CActiveRecordMetaData->__construct(Object(Appinfo))
#7 C:\wamp\www\yii\framework\db\ar\CActiveRecord.php(79): CActiveRecord->getMetaData()
#8 C:\wamp\www\num\protected\controllers\CommsController.php(19): CActiveRecord->__construct()
#9 C:\wamp\www\yii\framework\web\actions\CInlineAction.php(49): CommsController->actionAppOpen()
#10 C:\wamp\www\yii\framework\web\CController.php(308): CInlineAction->runWithParams(Array)
#11 C:\wamp\www\yii\framework\web\CController.php(286): CController->runAction(Object(CInlineAction))
#12 C:\wamp\www\yii\framework\web\CController.php(265): CController->runActionWithFilters(Object(CInlineAction), Array)
#13 C:\wamp\www\yii\framework\web\CWebApplication.php(282): CController->run('AppOpen')
#14 C:\wamp\www\yii\framework\web\CWebApplication.php(141): CWebApplication->runController('Comms/AppOpen')
#15 C:\wamp\www\yii\framework\base\CApplication.php(180): CWebApplication->processRequest()
#16 C:\wamp\www\num\index.php(13): CApplication->run()
#17 {main}
REQUEST_URI=/num/index.php/Comms/AppOpen
---
2014/10/23 08:43:41 [error] [php] Invalid argument supplied for foreach() (C:\wamp\www\yii\framework\base\CModel.php:488)
Stack trace:
#0 C:\wamp\www\yii\framework\web\CController.php(308): CInlineAction->runWithParams()
#1 C:\wamp\www\yii\framework\web\CController.php(286): CommsController->runAction()
#2 C:\wamp\www\yii\framework\web\CController.php(265): CommsController->runActionWithFilters()
#3 C:\wamp\www\yii\framework\web\CWebApplication.php(282): CommsController->run()
#4 C:\wamp\www\yii\framework\web\CWebApplication.php(141): CWebApplication->runController()
#5 C:\wamp\www\yii\framework\base\CApplication.php(180): CWebApplication->processRequest()
#6 C:\wamp\www\num\index.php(13): CWebApplication->run()
REQUEST_URI=/num/index.php/Comms/AppOpen?AppID=0
in C:\wamp\www\num\protected\controllers\CommsController.php (22)
in C:\wamp\www\num\index.php (13)
2014/10/23 08:43:54 [error] [exception.CException] exception 'CException' with message 'Appinfo and its behaviors do not have a method or closure named "unsetAttribute".' in C:\wamp\www\yii\framework\base\CComponent.php:266
Stack trace:
#0 C:\wamp\www\yii\framework\db\ar\CActiveRecord.php(227): CComponent->__call('unsetAttribute', Array)
#1 C:\wamp\www\num\protected\controllers\CommsController.php(22): CActiveRecord->__call('unsetAttribute', Array)
#2 C:\wamp\www\num\protected\controllers\CommsController.php(22): Appinfo->unsetAttribute('AppID')
#3 C:\wamp\www\yii\framework\web\actions\CInlineAction.php(49): CommsController->actionAppOpen()
#4 C:\wamp\www\yii\framework\web\CController.php(308): CInlineAction->runWithParams(Array)
#5 C:\wamp\www\yii\framework\web\CController.php(286): CController->runAction(Object(CInlineAction))
#6 C:\wamp\www\yii\framework\web\CController.php(265): CController->runActionWithFilters(Object(CInlineAction), Array)
#7 C:\wamp\www\yii\framework\web\CWebApplication.php(282): CController->run('AppOpen')
#8 C:\wamp\www\yii\framework\web\CWebApplication.php(141): CWebApplication->runController('Comms/AppOpen')
#9 C:\wamp\www\yii\framework\base\CApplication.php(180): CWebApplication->processRequest()
#10 C:\wamp\www\num\index.php(13): CApplication->run()
#11 {main}
REQUEST_URI=/num/index.php/Comms/AppOpen?AppID=0
---
2014/10/23 08:54:09 [error] [exception.CDbException] exception 'CDbException' with message 'Table "num_appinfo" does not have a column named "AppId".' in C:\wamp\www\yii\framework\db\schema\CDbCommandBuilder.php:694
Stack trace:
#0 C:\wamp\www\yii\framework\db\ar\CActiveRecord.php(1518): CDbCommandBuilder->createColumnCriteria(Object(CMysqlTableSchema), Array, '', Array, '`t`.')
#1 C:\wamp\www\num\protected\controllers\CommsController.php(35): CActiveRecord->findByAttributes(Array)
#2 C:\wamp\www\yii\framework\web\actions\CInlineAction.php(49): CommsController->actionAppOpen()
#3 C:\wamp\www\yii\framework\web\CController.php(308): CInlineAction->runWithParams(Array)
#4 C:\wamp\www\yii\framework\web\CController.php(286): CController->runAction(Object(CInlineAction))
#5 C:\wamp\www\yii\framework\web\CController.php(265): CController->runActionWithFilters(Object(CInlineAction), Array)
#6 C:\wamp\www\yii\framework\web\CWebApplication.php(282): CController->run('AppOpen')
#7 C:\wamp\www\yii\framework\web\CWebApplication.php(141): CWebApplication->runController('Comms/AppOpen')
#8 C:\wamp\www\yii\framework\base\CApplication.php(180): CWebApplication->processRequest()
#9 C:\wamp\www\num\index.php(13): CApplication->run()
#10 {main}
REQUEST_URI=/num/index.php/Comms/AppOpen?AppID=4
---
2014/10/23 12:37:42 [error] [exception.CHttpException.404] exception 'CHttpException' with message 'The system is unable to find the requested action "NumerologyCalculater".' in C:\wamp\www\yii\framework\web\CController.php:483
Stack trace:
#0 C:\wamp\www\yii\framework\web\CController.php(270): CController->missingAction('NumerologyCalcu...')
#1 C:\wamp\www\yii\framework\web\CWebApplication.php(282): CController->run('NumerologyCalcu...')
#2 C:\wamp\www\yii\framework\web\CWebApplication.php(141): CWebApplication->runController('Comms/Numerolog...')
#3 C:\wamp\www\yii\framework\base\CApplication.php(180): CWebApplication->processRequest()
#4 C:\wamp\www\num\index.php(13): CApplication->run()
#5 {main}
REQUEST_URI=/num/index.php/Comms/NumerologyCalculater?personDay=22
---
2014/10/23 09:08:49 [error] [php] Undefined variable: day (C:\wamp\www\num\protected\controllers\CommsController.php:63)
Stack trace:
#0 C:\wamp\www\yii\framework\web\CController.php(286): CommsController->runAction()
#1 C:\wamp\www\yii\framework\web\CController.php(265): CommsController->runActionWithFilters()
#2 C:\wamp\www\yii\framework\web\CWebApplication.php(282): CommsController->run()
#3 C:\wamp\www\yii\framework\web\CWebApplication.php(141): CWebApplication->runController()
#4 C:\wamp\www\yii\framework\base\CApplication.php(180): CWebApplication->processRequest()
#5 C:\wamp\www\num\index.php(13): CWebApplication->run()
REQUEST_URI=/num/index.php/Comms/NumerologyCalculate?personDay=22
in C:\wamp\www\num\protected\controllers\CommsController.php (63)
in C:\wamp\www\num\index.php (13)
2014/10/23 09:33:45 [error] [php] Invalid argument supplied for foreach() (C:\wamp\www\num\protected\controllers\CommsController.php:80)
Stack trace:
#0 C:\wamp\www\yii\framework\web\CController.php(286): CommsController->runAction()
#1 C:\wamp\www\yii\framework\web\CController.php(265): CommsController->runActionWithFilters()
#2 C:\wamp\www\yii\framework\web\CWebApplication.php(282): CommsController->run()
#3 C:\wamp\www\yii\framework\web\CWebApplication.php(141): CWebApplication->runController()
#4 C:\wamp\www\yii\framework\base\CApplication.php(180): CWebApplication->processRequest()
#5 C:\wamp\www\num\index.php(13): CWebApplication->run()
REQUEST_URI=/num/index.php/Comms/NumerologyCalculate?personDay=1&personMonth=5&personYear=1976
in C:\wamp\www\num\protected\controllers\CommsController.php (80)
in C:\wamp\www\num\index.php (13)
2014/10/23 09:40:35 [error] [php] Use of undefined constant sample - assumed 'sample' (C:\wamp\www\num\protected\controllers\CommsController.php:79)
Stack trace:
#0 C:\wamp\www\yii\framework\web\CController.php(286): CommsController->runAction()
#1 C:\wamp\www\yii\framework\web\CController.php(265): CommsController->runActionWithFilters()
#2 C:\wamp\www\yii\framework\web\CWebApplication.php(282): CommsController->run()
#3 C:\wamp\www\yii\framework\web\CWebApplication.php(141): CWebApplication->runController()
#4 C:\wamp\www\yii\framework\base\CApplication.php(180): CWebApplication->processRequest()
#5 C:\wamp\www\num\index.php(13): CWebApplication->run()
REQUEST_URI=/num/index.php/Comms/NumerologyCalculate?personDay=1&personMonth=5&personYear=1976
in C:\wamp\www\num\protected\controllers\CommsController.php (79)
in C:\wamp\www\num\index.php (13)
2014/10/23 14:35:27 [error] [exception.CHttpException.404] exception 'CHttpException' with message 'The system is unable to find the requested action "getgurus".' in C:\wamp\www\yii\framework\web\CController.php:483
Stack trace:
#0 C:\wamp\www\yii\framework\web\CController.php(270): CController->missingAction('getgurus')
#1 C:\wamp\www\yii\framework\web\CWebApplication.php(282): CController->run('getgurus')
#2 C:\wamp\www\yii\framework\web\CWebApplication.php(141): CWebApplication->runController('api/getgurus')
#3 C:\wamp\www\yii\framework\base\CApplication.php(180): CWebApplication->processRequest()
#4 C:\wamp\www\num\index.php(13): CApplication->run()
#5 {main}
REQUEST_URI=/num/index.php/api/getgurus
---
2014/10/23 14:37:36 [error] [exception.CHttpException.404] exception 'CHttpException' with message 'The system is unable to find the requested action "GetGurus".' in C:\wamp\www\yii\framework\web\CController.php:483
Stack trace:
#0 C:\wamp\www\yii\framework\web\CController.php(270): CController->missingAction('GetGurus')
#1 C:\wamp\www\yii\framework\web\CWebApplication.php(282): CController->run('GetGurus')
#2 C:\wamp\www\yii\framework\web\CWebApplication.php(141): CWebApplication->runController('api/GetGurus')
#3 C:\wamp\www\yii\framework\base\CApplication.php(180): CWebApplication->processRequest()
#4 C:\wamp\www\num\index.php(13): CApplication->run()
#5 {main}
REQUEST_URI=/num/index.php/api/GetGurus
---
2014/10/23 11:10:39 [error] [php] Use of undefined constant i - assumed 'i' (C:\wamp\www\num\protected\controllers\CommsController.php:120)
Stack trace:
#0 C:\wamp\www\yii\framework\web\CController.php(286): CommsController->runAction()
#1 C:\wamp\www\yii\framework\web\CController.php(265): CommsController->runActionWithFilters()
#2 C:\wamp\www\yii\framework\web\CWebApplication.php(282): CommsController->run()
#3 C:\wamp\www\yii\framework\web\CWebApplication.php(141): CWebApplication->runController()
#4 C:\wamp\www\yii\framework\base\CApplication.php(180): CWebApplication->processRequest()
#5 C:\wamp\www\num\index.php(13): CWebApplication->run()
REQUEST_URI=/num/index.php/Comms/GetGurus?AppID=1
in C:\wamp\www\num\protected\controllers\CommsController.php (120)
in C:\wamp\www\num\index.php (13)
2014/10/23 12:27:39 [error] [php] Undefined variable: emailAdd (C:\wamp\www\num\protected\controllers\CommsController.php:216)
Stack trace:
#0 C:\wamp\www\yii\framework\web\CController.php(308): CInlineAction->runWithParams()
#1 C:\wamp\www\yii\framework\web\CController.php(286): CommsController->runAction()
#2 C:\wamp\www\yii\framework\web\CController.php(265): CommsController->runActionWithFilters()
#3 C:\wamp\www\yii\framework\web\CWebApplication.php(282): CommsController->run()
#4 C:\wamp\www\yii\framework\web\CWebApplication.php(141): CWebApplication->runController()
#5 C:\wamp\www\yii\framework\base\CApplication.php(180): CWebApplication->processRequest()
#6 C:\wamp\www\num\index.php(13): CWebApplication->run()
REQUEST_URI=/num/index.php/Comms/EmailReport?AppID=1&personName=abcd&personDay=22&personMonth=10&personYear=1980&emailAdd=irfanshk80@gmail.com
in C:\wamp\www\num\protected\controllers\CommsController.php (216)
in C:\wamp\www\num\protected\controllers\CommsController.php (199)
in C:\wamp\www\num\index.php (13)
2014/10/23 12:27:51 [error] [php] Undefined variable: emailAdd (C:\wamp\www\num\protected\controllers\CommsController.php:216)
Stack trace:
#0 C:\wamp\www\yii\framework\web\CController.php(308): CInlineAction->runWithParams()
#1 C:\wamp\www\yii\framework\web\CController.php(286): CommsController->runAction()
#2 C:\wamp\www\yii\framework\web\CController.php(265): CommsController->runActionWithFilters()
#3 C:\wamp\www\yii\framework\web\CWebApplication.php(282): CommsController->run()
#4 C:\wamp\www\yii\framework\web\CWebApplication.php(141): CWebApplication->runController()
#5 C:\wamp\www\yii\framework\base\CApplication.php(180): CWebApplication->processRequest()
#6 C:\wamp\www\num\index.php(13): CWebApplication->run()
REQUEST_URI=/num/index.php/Comms/EmailReport?AppID=1&personName=abcd&personDay=22&personMonth=10&personYear=1980&emailAdd=irfanshk80@gmail.com
in C:\wamp\www\num\protected\controllers\CommsController.php (216)
in C:\wamp\www\num\protected\controllers\CommsController.php (199)
in C:\wamp\www\num\index.php (13)
2014/10/23 12:28:00 [error] [php] mail() expects parameter 3 to be string, object given (C:\wamp\www\num\protected\controllers\CommsController.php:220)
Stack trace:
#0 C:\wamp\www\yii\framework\web\actions\CInlineAction.php(49): CommsController->actionEmailReport()
#1 C:\wamp\www\yii\framework\web\CController.php(308): CInlineAction->runWithParams()
#2 C:\wamp\www\yii\framework\web\CController.php(286): CommsController->runAction()
#3 C:\wamp\www\yii\framework\web\CController.php(265): CommsController->runActionWithFilters()
#4 C:\wamp\www\yii\framework\web\CWebApplication.php(282): CommsController->run()
#5 C:\wamp\www\yii\framework\web\CWebApplication.php(141): CWebApplication->runController()
#6 C:\wamp\www\yii\framework\base\CApplication.php(180): CWebApplication->processRequest()
#7 C:\wamp\www\num\index.php(13): CWebApplication->run()
REQUEST_URI=/num/index.php/Comms/EmailReport?AppID=1&personName=abcd&personDay=22&personMonth=10&personYear=1980&emailAdd=irfanshk80@gmail.com
in C:\wamp\www\num\protected\controllers\CommsController.php (220)
in C:\wamp\www\num\protected\controllers\CommsController.php (199)
in C:\wamp\www\num\index.php (13)
2014/10/23 12:28:25 [error] [exception.CException] exception 'CException' with message 'Property "User.0" is not defined.' in C:\wamp\www\yii\framework\base\CComponent.php:130
Stack trace:
#0 C:\wamp\www\yii\framework\db\ar\CActiveRecord.php(145): CComponent->__get('0')
#1 C:\wamp\www\yii\framework\base\CModel.php(596): CActiveRecord->__get('0')
#2 C:\wamp\www\num\protected\controllers\CommsController.php(218): CModel->offsetGet(0)
#3 C:\wamp\www\num\protected\controllers\CommsController.php(199): CommsController->sendMail(Object(User))
#4 C:\wamp\www\yii\framework\web\actions\CInlineAction.php(49): CommsController->actionEmailReport()
#5 C:\wamp\www\yii\framework\web\CController.php(308): CInlineAction->runWithParams(Array)
#6 C:\wamp\www\yii\framework\web\CController.php(286): CController->runAction(Object(CInlineAction))
#7 C:\wamp\www\yii\framework\web\CController.php(265): CController->runActionWithFilters(Object(CInlineAction), Array)
#8 C:\wamp\www\yii\framework\web\CWebApplication.php(282): CController->run('EmailReport')
#9 C:\wamp\www\yii\framework\web\CWebApplication.php(141): CWebApplication->runController('Comms/EmailRepo...')
#10 C:\wamp\www\yii\framework\base\CApplication.php(180): CWebApplication->processRequest()
#11 C:\wamp\www\num\index.php(13): CApplication->run()
#12 {main}
REQUEST_URI=/num/index.php/Comms/EmailReport?AppID=1&personName=abcd&personDay=22&personMonth=10&personYear=1980&emailAdd=irfanshk80@gmail.com
---
2014/10/23 12:28:39 [error] [php] mail(): Failed to connect to mailserver at &quot;localhost&quot; port 25, verify your &quot;SMTP&quot; and &quot;smtp_port&quot; setting in php.ini or use ini_set() (C:\wamp\www\num\protected\controllers\CommsController.php:220)
Stack trace:
#0 C:\wamp\www\yii\framework\web\actions\CInlineAction.php(49): CommsController->actionEmailReport()
#1 C:\wamp\www\yii\framework\web\CController.php(308): CInlineAction->runWithParams()
#2 C:\wamp\www\yii\framework\web\CController.php(286): CommsController->runAction()
#3 C:\wamp\www\yii\framework\web\CController.php(265): CommsController->runActionWithFilters()
#4 C:\wamp\www\yii\framework\web\CWebApplication.php(282): CommsController->run()
#5 C:\wamp\www\yii\framework\web\CWebApplication.php(141): CWebApplication->runController()
#6 C:\wamp\www\yii\framework\base\CApplication.php(180): CWebApplication->processRequest()
#7 C:\wamp\www\num\index.php(13): CWebApplication->run()
REQUEST_URI=/num/index.php/Comms/EmailReport?AppID=1&personName=abcd&personDay=22&personMonth=10&personYear=1980&emailAdd=irfanshk80@gmail.com
in C:\wamp\www\num\protected\controllers\CommsController.php (220)
in C:\wamp\www\num\protected\controllers\CommsController.php (199)
in C:\wamp\www\num\index.php (13)
2014/10/23 12:29:25 [error] [php] mail(): Failed to connect to mailserver at &quot;localhost&quot; port 25, verify your &quot;SMTP&quot; and &quot;smtp_port&quot; setting in php.ini or use ini_set() (C:\wamp\www\num\protected\controllers\CommsController.php:221)
Stack trace:
#0 C:\wamp\www\yii\framework\web\actions\CInlineAction.php(49): CommsController->actionEmailReport()
#1 C:\wamp\www\yii\framework\web\CController.php(308): CInlineAction->runWithParams()
#2 C:\wamp\www\yii\framework\web\CController.php(286): CommsController->runAction()
#3 C:\wamp\www\yii\framework\web\CController.php(265): CommsController->runActionWithFilters()
#4 C:\wamp\www\yii\framework\web\CWebApplication.php(282): CommsController->run()
#5 C:\wamp\www\yii\framework\web\CWebApplication.php(141): CWebApplication->runController()
#6 C:\wamp\www\yii\framework\base\CApplication.php(180): CWebApplication->processRequest()
#7 C:\wamp\www\num\index.php(13): CWebApplication->run()
REQUEST_URI=/num/index.php/Comms/EmailReport?AppID=1&personName=abcd&personDay=22&personMonth=10&personYear=1980&emailAdd=irfanshk80@gmail.com
in C:\wamp\www\num\protected\controllers\CommsController.php (221)
in C:\wamp\www\num\protected\controllers\CommsController.php (199)
in C:\wamp\www\num\index.php (13)
2014/10/23 16:11:07 [error] [exception.CHttpException.404] exception 'CHttpException' with message 'The system is unable to find the requested action "Report".' in C:\wamp\www\yii\framework\web\CController.php:483
Stack trace:
#0 C:\wamp\www\yii\framework\web\CController.php(270): CController->missingAction('Report')
#1 C:\wamp\www\yii\framework\web\CWebApplication.php(282): CController->run('Report')
#2 C:\wamp\www\yii\framework\web\CWebApplication.php(141): CWebApplication->runController('Comms/Report')
#3 C:\wamp\www\yii\framework\base\CApplication.php(180): CWebApplication->processRequest()
#4 C:\wamp\www\num\index.php(13): CApplication->run()
#5 {main}
REQUEST_URI=/num/index.php/Comms/Report?AppID=1&personName=abcd&personDay=22&personMonth=10&personYear=1980&emailAdd=irfanshk80@gmail.com
---
2014/10/23 16:11:27 [error] [exception.CHttpException.404] exception 'CHttpException' with message 'The system is unable to find the requested action "Report".' in C:\wamp\www\yii\framework\web\CController.php:483
Stack trace:
#0 C:\wamp\www\yii\framework\web\CController.php(270): CController->missingAction('Report')
#1 C:\wamp\www\yii\framework\web\CWebApplication.php(282): CController->run('Report')
#2 C:\wamp\www\yii\framework\web\CWebApplication.php(141): CWebApplication->runController('Comms/Report')
#3 C:\wamp\www\yii\framework\base\CApplication.php(180): CWebApplication->processRequest()
#4 C:\wamp\www\num\index.php(13): CApplication->run()
#5 {main}
REQUEST_URI=/num/index.php/Comms/Report?AppID=1&personName=abcd&personDay=22&personMonth=10&personYear=1980&emailAdd=irfanshk80@gmail.com
---
2014/10/23 16:14:48 [error] [exception.CHttpException.404] exception 'CHttpException' with message 'The system is unable to find the requested action "Report".' in C:\wamp\www\yii\framework\web\CController.php:483
Stack trace:
#0 C:\wamp\www\yii\framework\web\CController.php(270): CController->missingAction('Report')
#1 C:\wamp\www\yii\framework\web\CWebApplication.php(282): CController->run('Report')
#2 C:\wamp\www\yii\framework\web\CWebApplication.php(141): CWebApplication->runController('Comms/Report')
#3 C:\wamp\www\yii\framework\base\CApplication.php(180): CWebApplication->processRequest()
#4 C:\wamp\www\num\index.php(13): CApplication->run()
#5 {main}
REQUEST_URI=/num/index.php/Comms/Report?AppID=1&personName=abcd&personDay=22&personMonth=10&personYear=1980&emailAdd=irfanshk80@gmail.com
---
2014/10/23 16:15:02 [error] [exception.CHttpException.404] exception 'CHttpException' with message 'The system is unable to find the requested action "Report".' in C:\wamp\www\yii\framework\web\CController.php:483
Stack trace:
#0 C:\wamp\www\yii\framework\web\CController.php(270): CController->missingAction('Report')
#1 C:\wamp\www\yii\framework\web\CWebApplication.php(282): CController->run('Report')
#2 C:\wamp\www\yii\framework\web\CWebApplication.php(141): CWebApplication->runController('Comms/Report')
#3 C:\wamp\www\yii\framework\base\CApplication.php(180): CWebApplication->processRequest()
#4 C:\wamp\www\num\index.php(13): CApplication->run()
#5 {main}
REQUEST_URI=/num/index.php/Comms/Report?AppID=1&personName=abcd&personDay=22&personMonth=10&personYear=1980&emailAdd=irfanshk80@gmail.com
---
2014/10/23 16:15:11 [error] [exception.CHttpException.404] exception 'CHttpException' with message 'The system is unable to find the requested action "Report".' in C:\wamp\www\yii\framework\web\CController.php:483
Stack trace:
#0 C:\wamp\www\yii\framework\web\CController.php(270): CController->missingAction('Report')
#1 C:\wamp\www\yii\framework\web\CWebApplication.php(282): CController->run('Report')
#2 C:\wamp\www\yii\framework\web\CWebApplication.php(141): CWebApplication->runController('Comms/Report')
#3 C:\wamp\www\yii\framework\base\CApplication.php(180): CWebApplication->processRequest()
#4 C:\wamp\www\num\index.php(13): CApplication->run()
#5 {main}
REQUEST_URI=/num/index.php/Comms/Report?AppID=1&personName=abcd&personDay=22&personMonth=10&personYear=1980&emailAdd=irfanshk80@gmail.com
---
2014/10/23 16:15:56 [error] [exception.CHttpException.404] exception 'CHttpException' with message 'The system is unable to find the requested action "Report".' in C:\wamp\www\yii\framework\web\CController.php:483
Stack trace:
#0 C:\wamp\www\yii\framework\web\CController.php(270): CController->missingAction('Report')
#1 C:\wamp\www\yii\framework\web\CWebApplication.php(282): CController->run('Report')
#2 C:\wamp\www\yii\framework\web\CWebApplication.php(141): CWebApplication->runController('Comms/Report')
#3 C:\wamp\www\yii\framework\base\CApplication.php(180): CWebApplication->processRequest()
#4 C:\wamp\www\num\index.php(13): CApplication->run()
#5 {main}
REQUEST_URI=/num/index.php/Comms/Report?AppID=1&personName=abcd&personDay=22&personMonth=10&personYear=1980&emailAdd=irfanshk80@gmail.com
---
2014/10/23 16:17:20 [error] [exception.CHttpException.404] exception 'CHttpException' with message 'The system is unable to find the requested action "Report".' in C:\wamp\www\yii\framework\web\CController.php:483
Stack trace:
#0 C:\wamp\www\yii\framework\web\CController.php(270): CController->missingAction('Report')
#1 C:\wamp\www\yii\framework\web\CWebApplication.php(282): CController->run('Report')
#2 C:\wamp\www\yii\framework\web\CWebApplication.php(141): CWebApplication->runController('Comms/Report')
#3 C:\wamp\www\yii\framework\base\CApplication.php(180): CWebApplication->processRequest()
#4 C:\wamp\www\num\index.php(13): CApplication->run()
#5 {main}
REQUEST_URI=/num/index.php/Comms/Report?AppID=1&personName=abcd&personDay=22&personMonth=10&personYear=1980&emailAdd=irfanshk80@gmail.com
---
2014/10/23 12:52:19 [error] [exception.CHttpException.404] exception 'CHttpException' with message 'The system is unable to find the requested action "Report".' in C:\wamp\www\yii\framework\web\CController.php:483
Stack trace:
#0 C:\wamp\www\yii\framework\web\CController.php(270): CController->missingAction('Report')
#1 C:\wamp\www\yii\framework\web\CWebApplication.php(282): CController->run('Report')
#2 C:\wamp\www\yii\framework\web\CWebApplication.php(141): CWebApplication->runController('Comms/Report')
#3 C:\wamp\www\yii\framework\base\CApplication.php(180): CWebApplication->processRequest()
#4 C:\wamp\www\num\index.php(13): CApplication->run()
#5 {main}
REQUEST_URI=/num/index.php/Comms/Report?AppID=1&personName=abcd&personDay=22&personMonth=10&personYear=1980&emailAdd=irfanshk80@gmail.com
---
